Logfile initialized
[INFO] logfile = /home/herman/Dev/buckeye-parking-mobile/build.log
[DEBUG] /home/herman/.titanium/mobilesdk/linux/3.0.2.GA/android/builder.py simulator buckeye-parking-mobile /home/herman/Dev/sdk /home/herman/Dev/buckeye-parking-mobile com.singh.buckeyeparking 4 WQVGA432 
[INFO] Building buckeye-parking-mobile for Android ... one moment
[INFO] Titanium SDK version: 3.0.2 (02/15/13 19:02 5a77fe7)
[DEBUG] Waiting for device to be ready ...
[TRACE] adb devices returned 1 devices/emulators
[DEBUG] Device connected... (waited 0 seconds)
[DEBUG] waited 0.014192 seconds on emulator to get ready
[DEBUG] com.singh.buckeyeparking installed? True
[INFO] Fastdev server running, deploying in Fastdev mode
[INFO] Copying CommonJS modules...
[INFO] Copying project resources..
[INFO] Tiapp.xml unchanged, skipping class generation
[DEBUG] Processing Android resource drawables
[DEBUG] found drawable-notlong-land-mdpi splash screen at /home/herman/Dev/buckeye-parking-mobile/Resources/android/images/res-notlong-land-mdpi/default.png
[DEBUG] found drawable-notlong-port-mdpi splash screen at /home/herman/Dev/buckeye-parking-mobile/Resources/android/images/res-notlong-port-mdpi/default.png
[DEBUG] found drawable-long-land-hdpi splash screen at /home/herman/Dev/buckeye-parking-mobile/Resources/android/images/res-long-land-hdpi/default.png
[DEBUG] found drawable-notlong-port-hdpi splash screen at /home/herman/Dev/buckeye-parking-mobile/Resources/android/images/res-notlong-port-hdpi/default.png
[DEBUG] found drawable-notlong-land-ldpi splash screen at /home/herman/Dev/buckeye-parking-mobile/Resources/android/images/res-notlong-land-ldpi/default.png
[DEBUG] found drawable-long-port-hdpi splash screen at /home/herman/Dev/buckeye-parking-mobile/Resources/android/images/res-long-port-hdpi/default.png
[DEBUG] found drawable-long-port-ldpi splash screen at /home/herman/Dev/buckeye-parking-mobile/Resources/android/images/res-long-port-ldpi/default.png
[DEBUG] found drawable-notlong-land-hdpi splash screen at /home/herman/Dev/buckeye-parking-mobile/Resources/android/images/res-notlong-land-hdpi/default.png
[DEBUG] found drawable-notlong-port-ldpi splash screen at /home/herman/Dev/buckeye-parking-mobile/Resources/android/images/res-notlong-port-ldpi/default.png
[DEBUG] found drawable-long-land-ldpi splash screen at /home/herman/Dev/buckeye-parking-mobile/Resources/android/images/res-long-land-ldpi/default.png
[INFO] Re-launching application ... buckeye-parking-mobile
[INFO] Launching application ... buckeye-parking-mobile
[DEBUG] Android classes.dex built
[DEBUG] creating unsigned apk: /home/herman/Dev/buckeye-parking-mobile/build/android/bin/app-unsigned.apk
[DEBUG] from JAR /home/herman/.titanium/mobilesdk/linux/3.0.2.GA/android/modules/titanium-facebook.jar => ti/modules/titanium/facebook/LICENSE
[DEBUG] from JAR /home/herman/.titanium/mobilesdk/linux/3.0.2.GA/android/titanium.jar => org/appcelerator/titanium/build.properties
[DEBUG] from JAR /home/herman/.titanium/mobilesdk/linux/3.0.2.GA/android/titanium.jar => org/appcelerator/titanium/res/drawable/background.png
[DEBUG] from JAR /home/herman/.titanium/mobilesdk/linux/3.0.2.GA/android/titanium.jar => org/appcelerator/titanium/res/drawable/btn_check_buttonless_on.png
[DEBUG] from JAR /home/herman/.titanium/mobilesdk/linux/3.0.2.GA/android/titanium.jar => org/appcelerator/titanium/res/drawable/btn_check_buttonless_on_18.png
[DEBUG] from JAR /home/herman/.titanium/mobilesdk/linux/3.0.2.GA/android/titanium.jar => org/appcelerator/titanium/res/drawable/btn_check_buttonless_on_48.png
[DEBUG] from JAR /home/herman/.titanium/mobilesdk/linux/3.0.2.GA/android/titanium.jar => org/appcelerator/titanium/res/drawable/btn_check_buttonless_on_64.png
[DEBUG] from JAR /home/herman/.titanium/mobilesdk/linux/3.0.2.GA/android/titanium.jar => org/appcelerator/titanium/res/drawable/btn_more.png
[DEBUG] from JAR /home/herman/.titanium/mobilesdk/linux/3.0.2.GA/android/titanium.jar => org/appcelerator/titanium/res/drawable/btn_more_18.png
[DEBUG] from JAR /home/herman/.titanium/mobilesdk/linux/3.0.2.GA/android/titanium.jar => org/appcelerator/titanium/res/drawable/btn_more_48.png
[DEBUG] from JAR /home/herman/.titanium/mobilesdk/linux/3.0.2.GA/android/titanium.jar => org/appcelerator/titanium/res/drawable/btn_more_64.png
[DEBUG] from JAR /home/herman/.titanium/mobilesdk/linux/3.0.2.GA/android/titanium.jar => org/appcelerator/titanium/res/drawable/btn_picker_normal.9.png
[DEBUG] from JAR /home/herman/.titanium/mobilesdk/linux/3.0.2.GA/android/titanium.jar => org/appcelerator/titanium/res/drawable/btn_picker_pressed.9.png
[DEBUG] from JAR /home/herman/.titanium/mobilesdk/linux/3.0.2.GA/android/titanium.jar => org/appcelerator/titanium/res/drawable/btn_picker_selected.9.png
[DEBUG] from JAR /home/herman/.titanium/mobilesdk/linux/3.0.2.GA/android/titanium.jar => org/appcelerator/titanium/res/drawable/default_icon.png
[DEBUG] from JAR /home/herman/.titanium/mobilesdk/linux/3.0.2.GA/android/titanium.jar => org/appcelerator/titanium/res/drawable/photoDefault.png
[DEBUG] from JAR /home/herman/.titanium/mobilesdk/linux/3.0.2.GA/android/modules/titanium-ui.jar => ti/modules/titanium/ui/widget/webview/binding.js
[DEBUG] from JAR /home/herman/.titanium/mobilesdk/linux/3.0.2.GA/android/modules/titanium-ui.jar => ti/modules/titanium/ui/widget/webview/binding.min.js
[DEBUG] from JAR /home/herman/.titanium/mobilesdk/linux/3.0.2.GA/android/modules/titanium-ui.jar => ti/modules/titanium/ui/widget/webview/json2.js
[DEBUG] from JAR /home/herman/.titanium/mobilesdk/linux/3.0.2.GA/android/modules/titanium-ui.jar => ti/modules/titanium/ui/widget/webview/polling.js
[DEBUG] from JAR /home/herman/.titanium/mobilesdk/linux/3.0.2.GA/android/modules/titanium-ui.jar => ti/modules/titanium/ui/widget/webview/polling.min.js
[DEBUG] from JAR /home/herman/.titanium/mobilesdk/linux/3.0.2.GA/android/thirdparty.jar => org/apache/Commons-NOTICE.txt
[DEBUG] from JAR /home/herman/.titanium/mobilesdk/linux/3.0.2.GA/android/thirdparty.jar => org/apache/HttpComponents-NOTICE.txt
[DEBUG] from JAR /home/herman/.titanium/mobilesdk/linux/3.0.2.GA/android/thirdparty.jar => org/apache/mime4j-NOTICE.txt
[DEBUG] installing native SDK libs
[TRACE] Launch output: Starting: Intent { act=android.intent.action.MAIN cat=[android.intent.category.LAUNCHER] flg=0x10200000 cmp=com.singh.buckeyeparking/.BuckeyeParkingMobileActivity }
Warning: Activity not started, its current task has been brought to the front

[DEBUG] Waiting for device to be ready ...
[TRACE] adb devices returned 1 devices/emulators
[DEBUG] Device connected... (waited 0 seconds)
[DEBUG] waited 0.003075 seconds on emulator to get ready
[INFO] Installing application on emulator
